#! /usr/local/Cellar/icarus-verilog/11.0/bin/vvp
:ivl_version "11.0 (stable)";
:ivl_delay_selection "TYPICAL";
:vpi_time_precision + 0;
:vpi_module "/usr/local/Cellar/icarus-verilog/11.0/lib/ivl/system.vpi";
:vpi_module "/usr/local/Cellar/icarus-verilog/11.0/lib/ivl/vhdl_sys.vpi";
:vpi_module "/usr/local/Cellar/icarus-verilog/11.0/lib/ivl/vhdl_textio.vpi";
:vpi_module "/usr/local/Cellar/icarus-verilog/11.0/lib/ivl/v2005_math.vpi";
:vpi_module "/usr/local/Cellar/icarus-verilog/11.0/lib/ivl/va_math.vpi";
S_0x7fd72e70c9a0 .scope module, "morfsmolp_tb" "morfsmolp_tb" 2 1;
 .timescale 0 0;
v0x7fd72e7258d0_0 .var "clk", 0 0;
v0x7fd72e725970_0 .var "din", 0 0;
v0x7fd72e725a20_0 .var "reset", 0 0;
v0x7fd72e725af0_0 .net "y", 0 0, v0x7fd72e7257f0_0;  1 drivers
S_0x7fd72e707060 .scope module, "m1" "morfsmolp" 2 4, 3 1 0, S_0x7fd72e70c9a0;
 .timescale 0 0;
    .port_info 0 /INPUT 1 "din";
    .port_info 1 /INPUT 1 "reset";
    .port_info 2 /INPUT 1 "clk";
    .port_info 3 /OUTPUT 1 "y";
P_0x7fd72e7071d0 .param/l "S0" 0 3 7, C4<000>;
P_0x7fd72e707210 .param/l "S1" 0 3 8, C4<001>;
P_0x7fd72e707250 .param/l "S2" 0 3 9, C4<010>;
P_0x7fd72e707290 .param/l "S3" 0 3 10, C4<100>;
P_0x7fd72e7072d0 .param/l "S4" 0 3 11, C4<101>;
v0x7fd72e70cb10_0 .net "clk", 0 0, v0x7fd72e7258d0_0;  1 drivers
v0x7fd72e725500_0 .var "cst", 2 0;
v0x7fd72e7255b0_0 .net "din", 0 0, v0x7fd72e725970_0;  1 drivers
v0x7fd72e725660_0 .var "nst", 2 0;
v0x7fd72e725710_0 .net "reset", 0 0, v0x7fd72e725a20_0;  1 drivers
v0x7fd72e7257f0_0 .var "y", 0 0;
E_0x7fd72e70d2a0 .event posedge, v0x7fd72e70cb10_0;
E_0x7fd72e706fa0 .event edge, v0x7fd72e7255b0_0, v0x7fd72e725500_0;
    .scope S_0x7fd72e707060;
T_0 ;
    %wait E_0x7fd72e706fa0;
    %load/vec4 v0x7fd72e725500_0;
    %dup/vec4;
    %pushi/vec4 0, 0, 3;
    %cmp/u;
    %jmp/1 T_0.0, 6;
    %dup/vec4;
    %pushi/vec4 1, 0, 3;
    %cmp/u;
    %jmp/1 T_0.1, 6;
    %dup/vec4;
    %pushi/vec4 2, 0, 3;
    %cmp/u;
    %jmp/1 T_0.2, 6;
    %dup/vec4;
    %pushi/vec4 4, 0, 3;
    %cmp/u;
    %jmp/1 T_0.3, 6;
    %dup/vec4;
    %pushi/vec4 5, 0, 3;
    %cmp/u;
    %jmp/1 T_0.4, 6;
    %pushi/vec4 0, 0, 3;
    %store/vec4 v0x7fd72e725660_0, 0, 3;
    %jmp T_0.6;
T_0.0 ;
    %load/vec4 v0x7fd72e7255b0_0;
    %cmpi/e 1, 0, 1;
    %jmp/0xz  T_0.7, 4;
    %pushi/vec4 1, 0, 3;
    %store/vec4 v0x7fd72e725660_0, 0, 3;
    %pushi/vec4 0, 0, 1;
    %store/vec4 v0x7fd72e7257f0_0, 0, 1;
    %jmp T_0.8;
T_0.7 ;
    %load/vec4 v0x7fd72e725500_0;
    %store/vec4 v0x7fd72e725660_0, 0, 3;
T_0.8 ;
    %jmp T_0.6;
T_0.1 ;
    %load/vec4 v0x7fd72e7255b0_0;
    %cmpi/e 0, 0, 1;
    %jmp/0xz  T_0.9, 4;
    %pushi/vec4 2, 0, 3;
    %store/vec4 v0x7fd72e725660_0, 0, 3;
    %pushi/vec4 0, 0, 1;
    %store/vec4 v0x7fd72e7257f0_0, 0, 1;
    %jmp T_0.10;
T_0.9 ;
    %load/vec4 v0x7fd72e725500_0;
    %store/vec4 v0x7fd72e725660_0, 0, 3;
    %pushi/vec4 0, 0, 1;
    %store/vec4 v0x7fd72e7257f0_0, 0, 1;
T_0.10 ;
    %jmp T_0.6;
T_0.2 ;
    %load/vec4 v0x7fd72e7255b0_0;
    %cmpi/e 1, 0, 1;
    %jmp/0xz  T_0.11, 4;
    %pushi/vec4 4, 0, 3;
    %store/vec4 v0x7fd72e725660_0, 0, 3;
    %pushi/vec4 0, 0, 1;
    %store/vec4 v0x7fd72e7257f0_0, 0, 1;
    %jmp T_0.12;
T_0.11 ;
    %pushi/vec4 0, 0, 3;
    %store/vec4 v0x7fd72e725660_0, 0, 3;
    %pushi/vec4 0, 0, 1;
    %store/vec4 v0x7fd72e7257f0_0, 0, 1;
T_0.12 ;
    %jmp T_0.6;
T_0.3 ;
    %load/vec4 v0x7fd72e7255b0_0;
    %cmpi/e 0, 0, 1;
    %jmp/0xz  T_0.13, 4;
    %pushi/vec4 5, 0, 3;
    %store/vec4 v0x7fd72e725660_0, 0, 3;
    %pushi/vec4 0, 0, 1;
    %store/vec4 v0x7fd72e7257f0_0, 0, 1;
    %jmp T_0.14;
T_0.13 ;
    %pushi/vec4 1, 0, 3;
    %store/vec4 v0x7fd72e725660_0, 0, 3;
    %pushi/vec4 0, 0, 1;
    %store/vec4 v0x7fd72e7257f0_0, 0, 1;
T_0.14 ;
    %jmp T_0.6;
T_0.4 ;
    %load/vec4 v0x7fd72e7255b0_0;
    %cmpi/e 0, 0, 1;
    %jmp/0xz  T_0.15, 4;
    %pushi/vec4 1, 0, 3;
    %store/vec4 v0x7fd72e725660_0, 0, 3;
    %pushi/vec4 1, 0, 1;
    %store/vec4 v0x7fd72e7257f0_0, 0, 1;
    %jmp T_0.16;
T_0.15 ;
    %pushi/vec4 4, 0, 3;
    %store/vec4 v0x7fd72e725660_0, 0, 3;
    %pushi/vec4 1, 0, 1;
    %store/vec4 v0x7fd72e7257f0_0, 0, 1;
T_0.16 ;
    %jmp T_0.6;
T_0.6 ;
    %pop/vec4 1;
    %jmp T_0;
    .thread T_0, $push;
    .scope S_0x7fd72e707060;
T_1 ;
    %wait E_0x7fd72e70d2a0;
    %load/vec4 v0x7fd72e725710_0;
    %flag_set/vec4 8;
    %jmp/0xz  T_1.0, 8;
    %pushi/vec4 0, 0, 3;
    %assign/vec4 v0x7fd72e725500_0, 0;
    %jmp T_1.1;
T_1.0 ;
    %load/vec4 v0x7fd72e725660_0;
    %assign/vec4 v0x7fd72e725500_0, 0;
T_1.1 ;
    %jmp T_1;
    .thread T_1;
    .scope S_0x7fd72e70c9a0;
T_2 ;
    %vpi_call 2 8 "$dumpfile", "test2.vcd" {0 0 0};
    %vpi_call 2 9 "$dumpvars", 32'sb00000000000000000000000000000000, S_0x7fd72e70c9a0 {0 0 0};
    %pushi/vec4 0, 0, 1;
    %store/vec4 v0x7fd72e725a20_0, 0, 1;
    %pushi/vec4 0, 0, 1;
    %store/vec4 v0x7fd72e7258d0_0, 0, 1;
    %pushi/vec4 0, 0, 1;
    %store/vec4 v0x7fd72e725970_0, 0, 1;
    %vpi_call 2 11 "$monitor", $time, " ", " ", "c=%b", v0x7fd72e7258d0_0, " ", "y=%b", v0x7fd72e725af0_0, " ", "r=%b", v0x7fd72e725a20_0, " ", "d=%b", v0x7fd72e725970_0 {0 0 0};
    %delay 10, 0;
    %pushi/vec4 1, 0, 1;
    %store/vec4 v0x7fd72e725970_0, 0, 1;
    %delay 10, 0;
    %pushi/vec4 1, 0, 1;
    %store/vec4 v0x7fd72e725970_0, 0, 1;
    %delay 10, 0;
    %pushi/vec4 1, 0, 1;
    %store/vec4 v0x7fd72e725970_0, 0, 1;
    %delay 10, 0;
    %pushi/vec4 0, 0, 1;
    %store/vec4 v0x7fd72e725970_0, 0, 1;
    %delay 10, 0;
    %pushi/vec4 1, 0, 1;
    %store/vec4 v0x7fd72e725970_0, 0, 1;
    %delay 10, 0;
    %pushi/vec4 0, 0, 1;
    %store/vec4 v0x7fd72e725970_0, 0, 1;
    %delay 10, 0;
    %pushi/vec4 1, 0, 1;
    %store/vec4 v0x7fd72e725970_0, 0, 1;
    %delay 10, 0;
    %pushi/vec4 0, 0, 1;
    %store/vec4 v0x7fd72e725970_0, 0, 1;
    %delay 10, 0;
    %pushi/vec4 1, 0, 1;
    %store/vec4 v0x7fd72e725970_0, 0, 1;
    %end;
    .thread T_2;
    .scope S_0x7fd72e70c9a0;
T_3 ;
    %delay 5, 0;
    %load/vec4 v0x7fd72e7258d0_0;
    %inv;
    %store/vec4 v0x7fd72e7258d0_0, 0, 1;
    %jmp T_3;
    .thread T_3;
    .scope S_0x7fd72e70c9a0;
T_4 ;
    %delay 100, 0;
    %vpi_call 2 27 "$finish" {0 0 0};
    %end;
    .thread T_4;
# The file index is used to find the file name in the following table.
:file_names 4;
    "N/A";
    "<interactive>";
    "moore_1101_tb.v";
    "moore_1101.v";
